[2018-06-21 16:12:45.609] [cli] [info] main {"_":["/home/magnus/.config/Code"],"help":false,"h":false,"version":false,"v":false,"wait":false,"w":false,"diff":false,"d":false,"add":false,"a":false,"goto":false,"g":false,"new-window":false,"n":false,"unity-launch":false,"reuse-window":false,"r":false,"open-url":false,"performance":false,"p":false,"prof-startup":false,"verbose":false,"logExtensionHostCommunication":false,"disable-extensions":false,"disableExtensions":false,"list-extensions":false,"show-versions":false,"nolazy":false,"issue":false,"skip-getting-started":false,"skip-release-notes":false,"sticky-quickopen":false,"disable-restore-windows":false,"disable-telemetry":false,"disable-updates":false,"disable-crash-reporter":false,"skip-add-to-recently-opened":false,"status":false,"s":false,"file-write":false,"file-chmod":false,"driver-verbose":false,"install-source":"Anaconda-Installer","user-data-dir":""}
[2018-06-21 16:12:45.909] [cli] [info] main {"_":["/home/magnus/.config/Code"],"help":false,"h":false,"version":false,"v":false,"wait":false,"w":false,"diff":false,"d":false,"add":false,"a":false,"goto":false,"g":false,"new-window":false,"n":false,"unity-launch":false,"reuse-window":false,"r":false,"open-url":false,"performance":false,"p":false,"prof-startup":false,"verbose":false,"logExtensionHostCommunication":false,"disable-extensions":false,"disableExtensions":false,"list-extensions":false,"show-versions":false,"nolazy":false,"issue":false,"skip-getting-started":false,"skip-release-notes":false,"sticky-quickopen":false,"disable-restore-windows":false,"disable-telemetry":false,"disable-updates":false,"disable-crash-reporter":false,"skip-add-to-recently-opened":false,"status":false,"s":false,"file-write":false,"file-chmod":false,"driver-verbose":false,"install-extension":"ms-python.anaconda-extension-pack","user-data-dir":""}
[2018-06-21 16:12:45.927] [cli] [info] Scanned user extensions: 0
[2018-06-21 16:12:46.384] [cli] [info] Installing extension: anaconda-extension-pack
[2018-06-21 16:12:46.384] [cli] [info] Scanned user extensions: 0
[2018-06-21 16:12:46.388] [cli] [info] Scanned user extensions: 0
[2018-06-21 16:12:46.422] [cli] [info] Scanned system extensions: 70
[2018-06-21 16:12:46.857] [cli] [info] Installing extension: python
[2018-06-21 16:12:46.857] [cli] [info] Installing extension: vscode-yaml
[2018-06-21 16:12:48.122] [cli] [info] Downloaded extension: anaconda-extension-pack
[2018-06-21 16:12:48.141] [cli] [info] Extracted extension to /home/magnus/.vscode/extensions/.ms-python.anaconda-extension-pack-1.0.0: ms-python.anaconda-extension-pack-1.0.0
[2018-06-21 16:12:48.141] [cli] [info] Renamed to /home/magnus/.vscode/extensions/ms-python.anaconda-extension-pack-1.0.0
[2018-06-21 16:12:48.141] [cli] [info] Installation completed. ms-python.anaconda-extension-pack-1.0.0
[2018-06-21 16:12:51.481] [cli] [info] Downloaded extension: vscode-yaml
[2018-06-21 16:12:52.143] [cli] [info] Extracted extension to /home/magnus/.vscode/extensions/.redhat.vscode-yaml-0.0.13: redhat.vscode-yaml-0.0.13
[2018-06-21 16:12:52.143] [cli] [info] Renamed to /home/magnus/.vscode/extensions/redhat.vscode-yaml-0.0.13
[2018-06-21 16:12:52.143] [cli] [info] Installation completed. redhat.vscode-yaml-0.0.13
[2018-06-21 16:12:55.599] [cli] [info] Downloaded extension: python
[2018-06-21 16:12:58.154] [cli] [info] Extracted extension to /home/magnus/.vscode/extensions/.ms-python.python-2018.6.0: ms-python.python-2018.6.0
[2018-06-21 16:12:58.154] [cli] [info] Renamed to /home/magnus/.vscode/extensions/ms-python.python-2018.6.0
[2018-06-21 16:12:58.154] [cli] [info] Installation completed. ms-python.python-2018.6.0
[2018-06-21 16:12:58.168] [cli] [info] Extensions installed successfully: ms-python.anaconda-extension-pack
[2018-06-21 16:12:58.170] [cli] [info] Extensions installed successfully: ms-python.python
[2018-06-21 16:12:58.170] [cli] [info] Extensions installed successfully: redhat.vscode-yaml
